 .ASM file: a2.asm



	1	org $80
	2	Label01 word #0
	3	org $FF00
	4	Label02 word #1
	5	org $100
	6	Label03 MOVLZ Label01,R0
	7	MOVLS Label02,R1
	8	LD R0,R0
	9	LD R1,R2
	10	Label04 ADD R0,R2
	11	CMP #16,R2
	12	BNE Label04
	13	ST R2,R1
	14	Done BRA Done
	15	END Label03

 ****  Symbol Table ***
Name		Type	Value	Decimal
Done		LBL	0110	272
Label04		LBL	0108	264
Label03		LBL	0100	256
Label02		LBL	FF00	-256
Label01		LBL	0080	128
R7		REG	0007	7
R6		REG	0006	6
R5		REG	0005	5
R4		REG	0004	4
R3		REG	0003	3
R2		REG	0002	2
R1		REG	0001	1
R0		REG	0000	0
