 .ASM file: FirstPassErrorsExample.asm



	1	;
	2	; Examples of some first pass errors
	3	; - Look at console output and .LIS file
	4	;
	5	; L. Hughes
	6	; 29 May 2019 - Revised for XM2
	7	; 11 May 2018 - original
	8	
	9	; Missing operand:
	10	START	equ
	****** Expected operand: EQU must have an operand
	11	
	12	; Invalid operand
	13		byte	'123'
	 ***** Invalid operands: BYTE must be 8-bit size (0,255)
	14	
	15	; Unexpected operand
	16		align	R1
	****** Illegal operand: directive ALIGN does not take an operand
	17	
	18	; Missing '#' or '$':
	19		org	100
	 ***** Invalid operands: ORG operand should be a valid number
	20	
	21	; Symbols not in symbol table:
	22		ld	r0,r1	
	 ***** Invalid REG: >r0<
	 ***** Invalid REG: >r1<
	23	
	24	; Unknown instruction:
	25	Loop	lda	r3
	 ***** Expected INST/DIR: Expected INST/DIR after a LBL
	26	
	27	; >"< not supported, should be >'<:
	28	Data	byte	"x"
	 ***** Not valid label: 
	29	
	30	; Operands in wrong order:
	31		add	R0,#1	
	 ***** Invalid REG: >#1<
	32	
	33	; Unknown instruction (beqx) treated as a label.  "Loop" then examined
	34	; and treated as an instruction:
	35		beqx	loop
	 ***** Expected INST/DIR: Expected INST/DIR after a LBL
	36	
	37	; Unknown register
	38		swap	R1,R8	
	 ***** Invalid REG: >R8<
	39	
	40	; Bad BSS value - unknown value
	41		BSS	ArraySize
	42	
	43	; Duplicate label
	44	START	equ	#12
	 ***** Duplicate LBL: 
	45	
	46	; Start not defined (put in symbol table as UNK - unknown symbol):
	47		end	Start
First pass error....assembly terminated....

 ****  Symbol Table ***
Name		Type	Value	Decimal
Start		UNK	FFFF	-1
ArraySize		UNK	FFFF	-1
beqx		LBL	0006	6
Data		LBL	0003	3
Loop		LBL	0003	3
START		LBL	0000	0
R7		REG	0007	7
R6		REG	0006	6
R5		REG	0005	5
R4		REG	0004	4
R3		REG	0003	3
R2		REG	0002	2
R1		REG	0001	1
R0		REG	0000	0
